<?xml version="1.0" encoding="UTF-8"?>
<testsuite name="com.patterns.value.PersonTest" tests="1" skipped="0" failures="0" errors="0" timestamp="2020-04-13T19:03:58" hostname="DESKTOP-3PQ3LCL" time="0.009">
  <properties/>
  <testcase name="test" classname="com.patterns.value.PersonTest" time="0.009"/>
  <system-out><![CDATA[]]></system-out>
  <system-err><![CDATA[]]></system-err>
</testsuite>
