<?xml version="1.0" encoding="UTF-8"?>
<testsuite name="com.patterns.singleton.base.LazySingletonTest" tests="1" skipped="0" failures="0" errors="0" timestamp="2020-04-11T19:22:49" hostname="DESKTOP-3PQ3LCL" time="0.005">
  <properties/>
  <testcase name="getInstance" classname="com.patterns.singleton.base.LazySingletonTest" time="0.005"/>
  <system-out><![CDATA[]]></system-out>
  <system-err><![CDATA[]]></system-err>
</testsuite>
